[2021-01-09T16:03:24.367] [DEBUG] cheese - login => username:admin,password:123456
[2021-01-09T16:29:41.016] [DEBUG] cheese - login => username:zss,password:123456
[2021-01-09T16:29:41.018] [DEBUG] cheese - zss
[2021-01-09T16:29:41.068] [DEBUG] cheese - null
[2021-01-09T16:29:41.069] [DEBUG] cheese - null
[2021-01-09T16:30:56.659] [DEBUG] cheese - login => username:zss,password:123456
[2021-01-09T16:30:56.660] [DEBUG] cheese - zss
[2021-01-09T16:30:56.662] [DEBUG] cheese - null
[2021-01-09T16:30:56.662] [DEBUG] cheese - null
[2021-01-09T16:32:49.717] [DEBUG] cheese - login => username:zss,password:123456
[2021-01-09T16:32:49.718] [DEBUG] cheese - zss
[2021-01-09T16:32:49.720] [DEBUG] cheese - null
[2021-01-09T16:32:49.720] [DEBUG] cheese - null
[2021-01-09T16:33:18.774] [DEBUG] cheese - login => username:zss,password:123456
[2021-01-09T16:33:18.774] [DEBUG] cheese - zss
[2021-01-09T16:33:18.778] [DEBUG] cheese - null
[2021-01-09T16:33:18.778] [DEBUG] cheese - null
[2021-01-09T16:33:22.359] [DEBUG] cheese - login => username:zss,password:123456
[2021-01-09T16:33:22.359] [DEBUG] cheese - zss
[2021-01-09T16:33:22.362] [DEBUG] cheese - null
[2021-01-09T16:33:22.362] [DEBUG] cheese - null
[2021-01-09T16:34:23.582] [DEBUG] cheese - login => username:zss,password:123456
[2021-01-09T16:34:23.582] [DEBUG] cheese - zss
[2021-01-09T16:34:23.583] [DEBUG] cheese - null
[2021-01-09T16:34:23.583] [DEBUG] cheese - null
[2021-01-09T16:35:47.164] [DEBUG] cheese - login => username:zss,password:123456
[2021-01-09T16:35:47.164] [DEBUG] cheese - zss
[2021-01-09T16:35:47.167] [DEBUG] cheese - null
[2021-01-09T16:35:47.167] [DEBUG] cheese - null
[2021-01-09T16:38:52.415] [DEBUG] cheese - login => username:admin,password:123456
[2021-01-09T16:38:52.415] [DEBUG] cheese - admin
[2021-01-09T16:38:52.421] [DEBUG] cheese - null
[2021-01-09T16:38:52.421] [DEBUG] cheese - null
[2021-01-09T16:45:24.848] [DEBUG] cheese - login => username:admin,password:123456
[2021-01-09T16:45:24.848] [DEBUG] cheese - admin
[2021-01-09T16:45:24.851] [DEBUG] cheese - null
[2021-01-09T16:45:24.851] [DEBUG] cheese - null
[2021-01-09T16:45:29.186] [DEBUG] cheese - login => username:admin1,password:123456
[2021-01-09T16:45:29.186] [DEBUG] cheese - admin1
[2021-01-09T16:45:29.188] [DEBUG] cheese - null
[2021-01-09T16:45:29.188] [DEBUG] cheese - null
[2021-01-09T16:52:28.215] [DEBUG] cheese - login => username:zss,password:123456
[2021-01-09T16:52:28.215] [DEBUG] cheese - zss
[2021-01-09T16:52:28.217] [DEBUG] cheese - null
[2021-01-09T16:52:28.217] [DEBUG] cheese - null
[2021-01-09T16:52:46.934] [DEBUG] cheese - login => username:admin,password:123456
[2021-01-09T16:52:46.934] [DEBUG] cheese - admin
[2021-01-09T16:52:46.937] [DEBUG] cheese - null
[2021-01-09T16:52:46.937] [DEBUG] cheese - null
[2021-01-09T16:55:12.925] [DEBUG] cheese - login => username:admin,password:123456
[2021-01-09T16:55:12.925] [DEBUG] cheese - admin
[2021-01-09T16:55:12.930] [DEBUG] cheese - null
[2021-01-09T16:55:12.930] [DEBUG] cheese - null
[2021-01-09T16:58:18.941] [DEBUG] cheese - login => username:admin,password:123456
[2021-01-09T16:58:18.941] [DEBUG] cheese - admin
[2021-01-09T16:58:18.943] [DEBUG] cheese - null
[2021-01-09T16:58:18.944] [DEBUG] cheese - null
[2021-01-11T19:00:32.784] [DEBUG] cheese - login => username:admin,password:123456
[2021-01-11T19:00:32.784] [DEBUG] cheese - admin
[2021-01-11T19:00:32.789] [DEBUG] cheese - null
[2021-01-11T19:00:32.789] [DEBUG] cheese - null
[2021-01-11T19:03:20.472] [DEBUG] cheese - login => username:admin,password:123456
[2021-01-11T19:03:20.472] [DEBUG] cheese - admin
[2021-01-11T19:03:20.474] [DEBUG] cheese - null
[2021-01-11T19:03:20.474] [DEBUG] cheese - null
[2021-01-11T19:14:40.849] [DEBUG] cheese - login => username:admin,password:123456
[2021-01-11T19:14:40.850] [DEBUG] cheese - admin
[2021-01-11T19:14:40.853] [DEBUG] cheese - null
[2021-01-11T19:14:40.853] [DEBUG] cheese - null
[2021-01-11T19:17:12.864] [DEBUG] cheese - login => username:admin,password:123456
[2021-01-11T19:17:12.864] [DEBUG] cheese - admin
[2021-01-11T19:17:12.867] [DEBUG] cheese - null
[2021-01-11T19:17:12.868] [DEBUG] cheese - null
[2021-01-11T19:38:54.963] [DEBUG] cheese - login => username:admin,password:123456
[2021-01-11T19:38:54.963] [DEBUG] cheese - admin
[2021-01-11T19:38:54.976] [DEBUG] cheese - null
[2021-01-11T19:38:54.976] [DEBUG] cheese - null
[2021-01-11T19:48:26.822] [DEBUG] cheese - login => username:admin,password:123456
[2021-01-11T19:48:26.822] [DEBUG] cheese - admin
[2021-01-11T19:48:26.825] [DEBUG] cheese - null
[2021-01-11T19:48:26.825] [DEBUG] cheese - null
[2021-01-11T20:37:14.187] [DEBUG] cheese - login => username:admin,password:123456
[2021-01-11T20:37:14.188] [DEBUG] cheese - admin
[2021-01-11T20:37:14.193] [DEBUG] cheese - null
[2021-01-11T20:37:14.193] [DEBUG] cheese - null
[2021-01-11T20:40:35.244] [DEBUG] cheese - login => username:admin,password:123456
[2021-01-11T20:40:35.244] [DEBUG] cheese - admin
[2021-01-11T20:40:35.246] [DEBUG] cheese - null
[2021-01-11T20:40:35.246] [DEBUG] cheese - null
[2021-01-11T21:47:13.034] [DEBUG] cheese - login => username:admin,password:123456
[2021-01-11T21:47:13.034] [DEBUG] cheese - admin
[2021-01-11T21:47:13.037] [DEBUG] cheese - null
[2021-01-11T21:47:13.037] [DEBUG] cheese - null
[2021-01-11T22:05:08.809] [DEBUG] cheese - login => username:admin,password:123456
[2021-01-11T22:05:08.809] [DEBUG] cheese - admin
[2021-01-11T22:05:08.812] [DEBUG] cheese - null
[2021-01-11T22:05:08.812] [DEBUG] cheese - null
[2021-01-12T22:12:05.072] [DEBUG] cheese - login => username:admin,password:123456
[2021-01-12T22:12:05.073] [DEBUG] cheese - admin
[2021-01-12T22:12:05.087] [DEBUG] cheese - null
[2021-01-12T22:12:05.087] [DEBUG] cheese - null
[2021-01-12T22:28:11.297] [DEBUG] cheese - login => username:admin,password:123456
[2021-01-12T22:28:11.297] [DEBUG] cheese - admin
[2021-01-12T22:28:11.299] [DEBUG] cheese - null
[2021-01-12T22:28:11.299] [DEBUG] cheese - null
[2021-01-18T21:06:35.177] [DEBUG] cheese - login => username:admin,password:123456
[2021-01-18T21:06:35.242] [DEBUG] cheese - admin
[2021-01-18T21:06:35.522] [DEBUG] cheese - null
[2021-01-18T21:06:35.522] [DEBUG] cheese - null
[2021-01-19T15:32:31.807] [DEBUG] cheese - null
[2021-01-19T15:33:33.210] [DEBUG] cheese - null
[2021-01-19T15:38:09.894] [DEBUG] cheese - null
[2021-01-19T15:42:02.675] [DEBUG] cheese - null
[2021-01-19T15:42:07.244] [DEBUG] cheese - null
[2021-01-19T15:42:10.086] [DEBUG] cheese - null
[2021-01-19T21:17:58.665] [DEBUG] cheese - login => username:admin,password:123456
[2021-01-19T21:17:58.665] [DEBUG] cheese - admin
[2021-01-19T21:17:58.680] [DEBUG] cheese - null
[2021-01-19T21:17:58.680] [DEBUG] cheese - null
[2021-01-20T18:18:45.092] [DEBUG] cheese - login => username:admin,password:123456
[2021-01-20T18:18:45.106] [DEBUG] cheese - admin
[2021-01-20T18:18:45.150] [DEBUG] cheese - null
[2021-01-20T18:18:45.151] [DEBUG] cheese - null
[2021-01-20T20:34:30.884] [DEBUG] cheese - login => username:admin,password:123456
[2021-01-20T20:34:30.886] [DEBUG] cheese - admin
[2021-01-20T20:34:30.892] [DEBUG] cheese - null
[2021-01-20T20:34:30.892] [DEBUG] cheese - null
[2021-01-22T15:29:20.338] [DEBUG] cheese - login => username:admin,password:123456
[2021-01-22T15:29:20.340] [DEBUG] cheese - admin
[2021-01-22T15:29:20.526] [DEBUG] cheese - null
[2021-01-22T15:29:20.526] [DEBUG] cheese - null
[2021-01-22T22:39:17.233] [DEBUG] cheese - null
[2021-01-22T22:40:14.928] [DEBUG] cheese - null
[2021-01-22T22:41:17.759] [DEBUG] cheese - null
[2021-01-22T22:42:56.022] [DEBUG] cheese - null
[2021-01-22T22:43:38.320] [DEBUG] cheese - null
[2021-01-22T22:48:28.239] [DEBUG] cheese - null
[2021-01-23T11:30:58.267] [DEBUG] cheese - login => username:admin,password:123456
[2021-01-23T11:30:58.267] [DEBUG] cheese - admin
[2021-01-23T11:30:58.272] [DEBUG] cheese - null
[2021-01-23T11:30:58.272] [DEBUG] cheese - null
[2021-01-23T13:10:43.614] [DEBUG] cheese - login => username:admin,password:123456
[2021-01-23T13:10:43.633] [DEBUG] cheese - admin
[2021-01-23T13:10:43.773] [DEBUG] cheese - null
[2021-01-23T13:10:43.774] [DEBUG] cheese - null
[2021-01-23T13:12:16.540] [DEBUG] cheese - login => username:admin,password:123456
[2021-01-23T13:12:16.540] [DEBUG] cheese - admin
[2021-01-23T13:12:16.547] [DEBUG] cheese - null
[2021-01-23T13:12:16.547] [DEBUG] cheese - null
[2021-01-23T13:21:15.923] [DEBUG] cheese - login => username:admin,password:123456
[2021-01-23T13:21:15.925] [DEBUG] cheese - admin
[2021-01-23T13:21:15.938] [DEBUG] cheese - null
[2021-01-23T13:21:15.939] [DEBUG] cheese - null
[2021-01-23T14:24:21.745] [DEBUG] cheese - login => username:admin,password:123456
[2021-01-23T14:24:21.746] [DEBUG] cheese - admin
[2021-01-23T14:24:21.749] [DEBUG] cheese - null
[2021-01-23T14:24:21.749] [DEBUG] cheese - null
[2021-01-23T15:22:11.430] [DEBUG] cheese - login => username:admin,password:123456
[2021-01-23T15:22:11.430] [DEBUG] cheese - admin
[2021-01-23T15:22:11.445] [DEBUG] cheese - null
[2021-01-23T15:22:11.445] [DEBUG] cheese - null
[2021-01-23T19:50:34.282] [DEBUG] cheese - login => username:admin,password:123456
[2021-01-23T19:50:34.284] [DEBUG] cheese - admin
[2021-01-23T19:50:34.374] [DEBUG] cheese - null
[2021-01-23T19:50:34.375] [DEBUG] cheese - null
[2021-01-23T20:22:44.883] [DEBUG] cheese - login => username:admin,password:123456
[2021-01-23T20:22:44.884] [DEBUG] cheese - admin
[2021-01-23T20:22:44.900] [DEBUG] cheese - null
[2021-01-23T20:22:44.900] [DEBUG] cheese - null
[2021-03-08T13:56:38.758] [DEBUG] cheese - login => username:admin,password:123456
[2021-03-08T13:56:38.782] [DEBUG] cheese - admin
[2021-03-08T13:56:38.949] [DEBUG] cheese - null
[2021-03-08T13:56:38.950] [DEBUG] cheese - null
[2021-03-08T13:56:58.808] [DEBUG] cheese - login => username:admin,password:123456
[2021-03-08T13:56:58.808] [DEBUG] cheese - admin
[2021-03-08T13:56:58.811] [DEBUG] cheese - null
[2021-03-08T13:56:58.812] [DEBUG] cheese - null
[2021-03-11T09:22:48.536] [DEBUG] cheese - login => username:admin,password:123456
[2021-03-11T09:22:48.543] [DEBUG] cheese - admin
[2021-03-11T09:22:48.672] [DEBUG] cheese - null
[2021-03-11T09:22:48.673] [DEBUG] cheese - null
[2021-03-12T09:46:48.094] [DEBUG] cheese - login => username:admin,password:123456
[2021-03-12T09:46:48.102] [DEBUG] cheese - admin
[2021-03-12T09:46:48.456] [DEBUG] cheese - null
[2021-03-12T09:46:48.457] [DEBUG] cheese - null
[2021-03-16T22:19:52.631] [DEBUG] cheese - login => username:admin,password:123456
[2021-03-16T22:19:52.962] [DEBUG] cheese - admin
[2021-03-16T22:19:58.377] [DEBUG] cheese - null
[2021-03-16T22:19:58.404] [DEBUG] cheese - null
